[0.747s] Invoking command in '/home/ubuntu/HumbleDave/ros2ws/build/mpu9250driver': CMAKE_PREFIX_PATH=${CMAKE_PREFIX_PATH}:/home/ubuntu/HumbleDave/ros2ws/install/HoROS8:/home/ubuntu/HumbleDave/ros2ws/install/teleop_gopigo3_keyboard:/home/ubuntu/HumbleDave/ros2ws/install/scan_client:/home/ubuntu/HumbleDave/ros2ws/install/ros2_libcamera_pub:/home/ubuntu/HumbleDave/ros2ws/install/ros2_gopigo3_node:/home/ubuntu/HumbleDave/ros2ws/install/explorer_wanderer:/home/ubuntu/ros2ws/install/ydlidar_ros2_driver:/home/ubuntu/ros2ws/install/teleop_gopigo3_keyboard:/home/ubuntu/ros2ws/install/ros2_libcamera_pub:/home/ubuntu/ros2ws/install/ros2_gopigo3_node:/home/ubuntu/ros2ws/install/ros2_gopigo3_msg:/opt/ros/humble /usr/bin/cmake --build /home/ubuntu/HumbleDave/ros2ws/build/mpu9250driver -- -j4 -l4
[1.124s] [ 66%] Built target linux_i2c_communicator
[1.126s] [ 66%] Built target mpu9250sensor
[1.380s] [ 83%] [32mBuilding CXX object CMakeFiles/mpu9250driver.dir/src/mpu9250driver.cpp.o[0m
[14.048s] In file included from [01m[K/home/ubuntu/HumbleDave/ros2ws/src/ros2_mpu9250_driver/src/mpu9250driver.cpp:1[m[K:
[14.050s] [01m[K/home/ubuntu/HumbleDave/ros2ws/src/ros2_mpu9250_driver/include/mpu9250driver/mpu9250driver.h:10:13:[m[K [01;31m[Kerror: [m[Kno matching function for call to â€˜[01m[Krclcpp::QoS::QoS()[m[Kâ€™
[14.051s]    10 | rclcpp::QoS [01;31m[Kqos_[m[K;
[14.052s]       |             [01;31m[K^~~~[m[K
[14.052s] In file included from [01m[K/opt/ros/humble/include/rclcpp/rclcpp/node_interfaces/node_graph_interface.hpp:32[m[K,
[14.053s]                  from [01m[K/opt/ros/humble/include/rclcpp/rclcpp/client.hpp:42[m[K,
[14.054s]                  from [01m[K/opt/ros/humble/include/rclcpp/rclcpp/callback_group.hpp:24[m[K,
[14.054s]                  from [01m[K/opt/ros/humble/include/rclcpp/rclcpp/any_executable.hpp:20[m[K,
[14.055s]                  from [01m[K/opt/ros/humble/include/rclcpp/rclcpp/memory_strategy.hpp:25[m[K,
[14.056s]                  from [01m[K/opt/ros/humble/include/rclcpp/rclcpp/memory_strategies.hpp:18[m[K,
[14.056s]                  from [01m[K/opt/ros/humble/include/rclcpp/rclcpp/executor_options.hpp:20[m[K,
[14.057s]                  from [01m[K/opt/ros/humble/include/rclcpp/rclcpp/executor.hpp:37[m[K,
[14.058s]                  from [01m[K/opt/ros/humble/include/rclcpp/rclcpp/executors/multi_threaded_executor.hpp:25[m[K,
[14.058s]                  from [01m[K/opt/ros/humble/include/rclcpp/rclcpp/executors.hpp:21[m[K,
[14.059s]                  from [01m[K/opt/ros/humble/include/rclcpp/rclcpp/rclcpp.hpp:155[m[K,
[14.060s]                  from [01m[K/home/ubuntu/HumbleDave/ros2ws/src/ros2_mpu9250_driver/include/mpu9250driver/mpu9250driver.h:5[m[K,
[14.060s]                  from [01m[K/home/ubuntu/HumbleDave/ros2ws/src/ros2_mpu9250_driver/src/mpu9250driver.cpp:1[m[K:
[14.061s] [01m[K/opt/ros/humble/include/rclcpp/rclcpp/qos.hpp:141:3:[m[K [01;36m[Knote: [m[Kcandidate: â€˜[01m[Krclcpp::QoS::QoS(size_t)[m[Kâ€™
[14.061s]   141 |   [01;36m[KQoS[m[K(size_t history_depth);  // NOLINT(runtime/explicit): conversion constructor
[14.062s]       |   [01;36m[K^~~[m[K
[14.062s] [01m[K/opt/ros/humble/include/rclcpp/rclcpp/qos.hpp:141:3:[m[K [01;36m[Knote: [m[K  candidate expects 1 argument, 0 provided
[14.075s] [01m[K/opt/ros/humble/include/rclcpp/rclcpp/qos.hpp:128:3:[m[K [01;36m[Knote: [m[Kcandidate: â€˜[01m[Krclcpp::QoS::QoS(const rclcpp::QoSInitialization&, const rmw_qos_profile_t&)[m[Kâ€™
[14.076s]   128 |   [01;36m[KQoS[m[K(
[14.076s]       |   [01;36m[K^~~[m[K
[14.077s] [01m[K/opt/ros/humble/include/rclcpp/rclcpp/qos.hpp:128:3:[m[K [01;36m[Knote: [m[K  candidate expects 2 arguments, 0 provided
[14.078s] [01m[K/opt/ros/humble/include/rclcpp/rclcpp/qos.hpp:110:21:[m[K [01;36m[Knote: [m[Kcandidate: â€˜[01m[Kconstexpr rclcpp::QoS::QoS(const rclcpp::QoS&)[m[Kâ€™
[14.078s]   110 | class RCLCPP_PUBLIC [01;36m[KQoS[m[K
[14.079s]       |                     [01;36m[K^~~[m[K
[14.079s] [01m[K/opt/ros/humble/include/rclcpp/rclcpp/qos.hpp:110:21:[m[K [01;36m[Knote: [m[K  candidate expects 1 argument, 0 provided
[14.080s] [01m[K/opt/ros/humble/include/rclcpp/rclcpp/qos.hpp:110:21:[m[K [01;36m[Knote: [m[Kcandidate: â€˜[01m[Kconstexpr rclcpp::QoS::QoS(rclcpp::QoS&&)[m[Kâ€™
[14.081s] [01m[K/opt/ros/humble/include/rclcpp/rclcpp/qos.hpp:110:21:[m[K [01;36m[Knote: [m[K  candidate expects 1 argument, 0 provided
[14.166s] [01m[K/home/ubuntu/HumbleDave/ros2ws/src/ros2_mpu9250_driver/src/mpu9250driver.cpp:[m[K In constructor â€˜[01m[KMPU9250Driver::MPU9250Driver()[m[Kâ€™:
[14.167s] [01m[K/home/ubuntu/HumbleDave/ros2ws/src/ros2_mpu9250_driver/src/mpu9250driver.cpp:41:10:[m[K [01;31m[Kerror: [m[Kno match for call to â€˜[01m[K(rclcpp::QoS) (rclcpp::QoSInitialization)[m[Kâ€™
[14.168s]    41 |      [01;31m[Kqos_(rclcpp::QoSInitialization::from_rmw(rmw_qos_profile_sensor_data))[m[K );
[14.169s]       |      [01;31m[K~~~~^~~~~~~~~~~~~~~~~~~~~~~~~~~~~~~~~~~~~~~~~~~~~~~~~~~~~~~~~~~~~~~~~~[m[K
[18.696s] gmake[2]: *** [CMakeFiles/mpu9250driver.dir/build.make:76: CMakeFiles/mpu9250driver.dir/src/mpu9250driver.cpp.o] Error 1
[18.698s] gmake[1]: *** [CMakeFiles/Makefile2:188: CMakeFiles/mpu9250driver.dir/all] Error 2
[18.699s] gmake: *** [Makefile:146: all] Error 2
[18.714s] Invoked command in '/home/ubuntu/HumbleDave/ros2ws/build/mpu9250driver' returned '2': CMAKE_PREFIX_PATH=${CMAKE_PREFIX_PATH}:/home/ubuntu/HumbleDave/ros2ws/install/HoROS8:/home/ubuntu/HumbleDave/ros2ws/install/teleop_gopigo3_keyboard:/home/ubuntu/HumbleDave/ros2ws/install/scan_client:/home/ubuntu/HumbleDave/ros2ws/install/ros2_libcamera_pub:/home/ubuntu/HumbleDave/ros2ws/install/ros2_gopigo3_node:/home/ubuntu/HumbleDave/ros2ws/install/explorer_wanderer:/home/ubuntu/ros2ws/install/ydlidar_ros2_driver:/home/ubuntu/ros2ws/install/teleop_gopigo3_keyboard:/home/ubuntu/ros2ws/install/ros2_libcamera_pub:/home/ubuntu/ros2ws/install/ros2_gopigo3_node:/home/ubuntu/ros2ws/install/ros2_gopigo3_msg:/opt/ros/humble /usr/bin/cmake --build /home/ubuntu/HumbleDave/ros2ws/build/mpu9250driver -- -j4 -l4
