[0.535s] Invoking command in '/home/ubuntu/HumbleDave/ros2ws/build/mpu9250driver': CMAKE_PREFIX_PATH=${CMAKE_PREFIX_PATH}:/home/ubuntu/HumbleDave/ros2ws/install/teleop_gopigo3_keyboard:/home/ubuntu/HumbleDave/ros2ws/install/scan_client:/home/ubuntu/HumbleDave/ros2ws/install/ros2_libcamera_pub:/home/ubuntu/HumbleDave/ros2ws/install/ros2_gopigo3_node:/home/ubuntu/HumbleDave/ros2ws/install/explorer_wanderer:/home/ubuntu/ros2ws/install/ydlidar_ros2_driver:/home/ubuntu/ros2ws/install/teleop_gopigo3_keyboard:/home/ubuntu/ros2ws/install/ros2_libcamera_pub:/home/ubuntu/ros2ws/install/ros2_gopigo3_node:/home/ubuntu/ros2ws/install/ros2_gopigo3_msg:/opt/ros/humble /usr/bin/cmake /home/ubuntu/HumbleDave/ros2ws/src/ros2_mpu9250_driver -DAMENT_CMAKE_SYMLINK_INSTALL=1 -DCMAKE_INSTALL_PREFIX=/home/ubuntu/HumbleDave/ros2ws/install/mpu9250driver
[1.496s] -- The C compiler identification is GNU 11.4.0
[2.526s] -- The CXX compiler identification is GNU 11.4.0
[2.623s] -- Detecting C compiler ABI info
[3.542s] -- Detecting C compiler ABI info - done
[3.621s] -- Check for working C compiler: /usr/bin/cc - skipped
[3.628s] -- Detecting C compile features
[3.632s] -- Detecting C compile features - done
[3.667s] -- Detecting CXX compiler ABI info
[4.630s] -- Detecting CXX compiler ABI info - done
[4.689s] -- Check for working CXX compiler: /usr/bin/c++ - skipped
[4.698s] -- Detecting CXX compile features
[4.701s] -- Detecting CXX compile features - done
[4.855s] -- Found ament_cmake: 1.3.6 (/opt/ros/humble/share/ament_cmake/cmake)
[7.252s] -- Found Python3: /usr/bin/python3.10 (found version "3.10.12") found components: Interpreter 
[7.929s] -- Override CMake install command with custom implementation using symlinks instead of copying resources
[9.092s] -- Found rclcpp: 16.0.7 (/opt/ros/humble/share/rclcpp/cmake)
[9.837s] -- Found rosidl_generator_c: 3.1.5 (/opt/ros/humble/share/rosidl_generator_c/cmake)
[9.974s] -- Found rosidl_adapter: 3.1.5 (/opt/ros/humble/share/rosidl_adapter/cmake)
[10.089s] -- Found rosidl_generator_cpp: 3.1.5 (/opt/ros/humble/share/rosidl_generator_cpp/cmake)
[10.326s] -- Using all available rosidl_typesupport_c: rosidl_typesupport_fastrtps_c;rosidl_typesupport_introspection_c
[10.760s] -- Using all available rosidl_typesupport_cpp: rosidl_typesupport_fastrtps_cpp;rosidl_typesupport_introspection_cpp
[12.363s] -- Found rmw_implementation_cmake: 6.1.1 (/opt/ros/humble/share/rmw_implementation_cmake/cmake)
[12.514s] -- Found rmw_fastrtps_cpp: 6.2.5 (/opt/ros/humble/share/rmw_fastrtps_cpp/cmake)
[14.534s] -- Found OpenSSL: /usr/lib/aarch64-linux-gnu/libcrypto.so (found version "3.0.2")  
[15.169s] -- Found FastRTPS: /opt/ros/humble/include  
[16.205s] -- Using RMW implementation 'rmw_fastrtps_cpp' as default
[16.580s] -- Looking for pthread.h
[17.570s] -- Looking for pthread.h - found
[17.571s] -- Performing Test CMAKE_HAVE_LIBC_PTHREAD
[18.203s] -- Performing Test CMAKE_HAVE_LIBC_PTHREAD - Success
[18.208s] -- Found Threads: TRUE  
[20.495s] -- Found sensor_msgs: 4.2.3 (/opt/ros/humble/share/sensor_msgs/cmake)
[23.012s] -- Configuring done
[23.300s] -- Generating done
[23.346s] -- Build files have been written to: /home/ubuntu/HumbleDave/ros2ws/build/mpu9250driver
[23.492s] Invoked command in '/home/ubuntu/HumbleDave/ros2ws/build/mpu9250driver' returned '0': CMAKE_PREFIX_PATH=${CMAKE_PREFIX_PATH}:/home/ubuntu/HumbleDave/ros2ws/install/teleop_gopigo3_keyboard:/home/ubuntu/HumbleDave/ros2ws/install/scan_client:/home/ubuntu/HumbleDave/ros2ws/install/ros2_libcamera_pub:/home/ubuntu/HumbleDave/ros2ws/install/ros2_gopigo3_node:/home/ubuntu/HumbleDave/ros2ws/install/explorer_wanderer:/home/ubuntu/ros2ws/install/ydlidar_ros2_driver:/home/ubuntu/ros2ws/install/teleop_gopigo3_keyboard:/home/ubuntu/ros2ws/install/ros2_libcamera_pub:/home/ubuntu/ros2ws/install/ros2_gopigo3_node:/home/ubuntu/ros2ws/install/ros2_gopigo3_msg:/opt/ros/humble /usr/bin/cmake /home/ubuntu/HumbleDave/ros2ws/src/ros2_mpu9250_driver -DAMENT_CMAKE_SYMLINK_INSTALL=1 -DCMAKE_INSTALL_PREFIX=/home/ubuntu/HumbleDave/ros2ws/install/mpu9250driver
[23.496s] Invoking command in '/home/ubuntu/HumbleDave/ros2ws/build/mpu9250driver': CMAKE_PREFIX_PATH=${CMAKE_PREFIX_PATH}:/home/ubuntu/HumbleDave/ros2ws/install/teleop_gopigo3_keyboard:/home/ubuntu/HumbleDave/ros2ws/install/scan_client:/home/ubuntu/HumbleDave/ros2ws/install/ros2_libcamera_pub:/home/ubuntu/HumbleDave/ros2ws/install/ros2_gopigo3_node:/home/ubuntu/HumbleDave/ros2ws/install/explorer_wanderer:/home/ubuntu/ros2ws/install/ydlidar_ros2_driver:/home/ubuntu/ros2ws/install/teleop_gopigo3_keyboard:/home/ubuntu/ros2ws/install/ros2_libcamera_pub:/home/ubuntu/ros2ws/install/ros2_gopigo3_node:/home/ubuntu/ros2ws/install/ros2_gopigo3_msg:/opt/ros/humble /usr/bin/cmake --build /home/ubuntu/HumbleDave/ros2ws/build/mpu9250driver -- -j4 -l4
[23.972s] [ 16%] [32mBuilding CXX object lib/i2c/CMakeFiles/linux_i2c_communicator.dir/src/LinuxI2cCommunicator.cpp.o[0m
[24.012s] [ 33%] [32mBuilding CXX object lib/mpu9250sensor/CMakeFiles/mpu9250sensor.dir/src/mpu9250sensor.cpp.o[0m
[24.184s] [01m[K/home/ubuntu/HumbleDave/ros2ws/src/ros2_mpu9250_driver/lib/i2c/src/LinuxI2cCommunicator.cpp:6:10:[m[K [01;31m[Kfatal error: [m[Ki2c/smbus.h: No such file or directory
[24.185s]     6 | #include [01;31m[K<i2c/smbus.h>[m[K
[24.186s]       |          [01;31m[K^~~~~~~~~~~~~[m[K
[24.187s] compilation terminated.
[24.191s] gmake[2]: *** [lib/i2c/CMakeFiles/linux_i2c_communicator.dir/build.make:76: lib/i2c/CMakeFiles/linux_i2c_communicator.dir/src/LinuxI2cCommunicator.cpp.o] Error 1
[24.192s] gmake[1]: *** [CMakeFiles/Makefile2:214: lib/i2c/CMakeFiles/linux_i2c_communicator.dir/all] Error 2
[24.192s] gmake[1]: *** Waiting for unfinished jobs....
[28.945s] [ 50%] [32m[1mLinking CXX static library libmpu9250sensor.a[0m
[29.143s] [ 50%] Built target mpu9250sensor
[29.148s] gmake: *** [Makefile:146: all] Error 2
[32.275s] Invoked command in '/home/ubuntu/HumbleDave/ros2ws/build/mpu9250driver' returned '2': CMAKE_PREFIX_PATH=${CMAKE_PREFIX_PATH}:/home/ubuntu/HumbleDave/ros2ws/install/teleop_gopigo3_keyboard:/home/ubuntu/HumbleDave/ros2ws/install/scan_client:/home/ubuntu/HumbleDave/ros2ws/install/ros2_libcamera_pub:/home/ubuntu/HumbleDave/ros2ws/install/ros2_gopigo3_node:/home/ubuntu/HumbleDave/ros2ws/install/explorer_wanderer:/home/ubuntu/ros2ws/install/ydlidar_ros2_driver:/home/ubuntu/ros2ws/install/teleop_gopigo3_keyboard:/home/ubuntu/ros2ws/install/ros2_libcamera_pub:/home/ubuntu/ros2ws/install/ros2_gopigo3_node:/home/ubuntu/ros2ws/install/ros2_gopigo3_msg:/opt/ros/humble /usr/bin/cmake --build /home/ubuntu/HumbleDave/ros2ws/build/mpu9250driver -- -j4 -l4
