[ 33%] Built target mpu9250sensor
[ 66%] Built target linux_i2c_communicator
[35m[1mConsolidate compiler generated dependencies of target mpu9250driver[0m
[ 83%] [32mBuilding CXX object CMakeFiles/mpu9250driver.dir/src/mpu9250driver.cpp.o[0m
In file included from [01m[K/home/ubuntu/HumbleDave/ros2ws/src/ros2_mpu9250_driver/src/mpu9250driver.cpp:1[m[K:
[01m[K/home/ubuntu/HumbleDave/ros2ws/src/ros2_mpu9250_driver/include/mpu9250driver/mpu9250driver.h:7:10:[m[K [01;35m[Kwarning: [m[Kmissing terminating " character
    7 | #include [01;35m[K"[m[Krmw/types.h
      |          [01;35m[K^[m[K
[01m[K/home/ubuntu/HumbleDave/ros2ws/src/ros2_mpu9250_driver/include/mpu9250driver/mpu9250driver.h:7:10:[m[K [01;31m[Kerror: [m[K#include expects "FILENAME" or <FILENAME>
    7 | #include [01;31m[K"rmw/types.h[m[K
      |          [01;31m[K^~~~~~~~~~~~[m[K
[01m[K/home/ubuntu/HumbleDave/ros2ws/src/ros2_mpu9250_driver/include/mpu9250driver/mpu9250driver.h:11:13:[m[K [01;31m[Kerror: [m[Kno matching function for call to â€˜[01m[Krclcpp::QoS::QoS()[m[Kâ€™
   11 | rclcpp::QoS [01;31m[Kqos_[m[K;
      |             [01;31m[K^~~~[m[K
In file included from [01m[K/opt/ros/humble/include/rclcpp/rclcpp/node_interfaces/node_graph_interface.hpp:32[m[K,
                 from [01m[K/opt/ros/humble/include/rclcpp/rclcpp/client.hpp:42[m[K,
                 from [01m[K/opt/ros/humble/include/rclcpp/rclcpp/callback_group.hpp:24[m[K,
                 from [01m[K/opt/ros/humble/include/rclcpp/rclcpp/any_executable.hpp:20[m[K,
                 from [01m[K/opt/ros/humble/include/rclcpp/rclcpp/memory_strategy.hpp:25[m[K,
                 from [01m[K/opt/ros/humble/include/rclcpp/rclcpp/memory_strategies.hpp:18[m[K,
                 from [01m[K/opt/ros/humble/include/rclcpp/rclcpp/executor_options.hpp:20[m[K,
                 from [01m[K/opt/ros/humble/include/rclcpp/rclcpp/executor.hpp:37[m[K,
                 from [01m[K/opt/ros/humble/include/rclcpp/rclcpp/executors/multi_threaded_executor.hpp:25[m[K,
                 from [01m[K/opt/ros/humble/include/rclcpp/rclcpp/executors.hpp:21[m[K,
                 from [01m[K/opt/ros/humble/include/rclcpp/rclcpp/rclcpp.hpp:155[m[K,
                 from [01m[K/home/ubuntu/HumbleDave/ros2ws/src/ros2_mpu9250_driver/include/mpu9250driver/mpu9250driver.h:5[m[K,
                 from [01m[K/home/ubuntu/HumbleDave/ros2ws/src/ros2_mpu9250_driver/src/mpu9250driver.cpp:1[m[K:
[01m[K/opt/ros/humble/include/rclcpp/rclcpp/qos.hpp:141:3:[m[K [01;36m[Knote: [m[Kcandidate: â€˜[01m[Krclcpp::QoS::QoS(size_t)[m[Kâ€™
  141 |   [01;36m[KQoS[m[K(size_t history_depth);  // NOLINT(runtime/explicit): conversion constructor
      |   [01;36m[K^~~[m[K
[01m[K/opt/ros/humble/include/rclcpp/rclcpp/qos.hpp:141:3:[m[K [01;36m[Knote: [m[K  candidate expects 1 argument, 0 provided
[01m[K/opt/ros/humble/include/rclcpp/rclcpp/qos.hpp:128:3:[m[K [01;36m[Knote: [m[Kcandidate: â€˜[01m[Krclcpp::QoS::QoS(const rclcpp::QoSInitialization&, const rmw_qos_profile_t&)[m[Kâ€™
  128 |   [01;36m[KQoS[m[K(
      |   [01;36m[K^~~[m[K
[01m[K/opt/ros/humble/include/rclcpp/rclcpp/qos.hpp:128:3:[m[K [01;36m[Knote: [m[K  candidate expects 2 arguments, 0 provided
[01m[K/opt/ros/humble/include/rclcpp/rclcpp/qos.hpp:110:21:[m[K [01;36m[Knote: [m[Kcandidate: â€˜[01m[Kconstexpr rclcpp::QoS::QoS(const rclcpp::QoS&)[m[Kâ€™
  110 | class RCLCPP_PUBLIC [01;36m[KQoS[m[K
      |                     [01;36m[K^~~[m[K
[01m[K/opt/ros/humble/include/rclcpp/rclcpp/qos.hpp:110:21:[m[K [01;36m[Knote: [m[K  candidate expects 1 argument, 0 provided
[01m[K/opt/ros/humble/include/rclcpp/rclcpp/qos.hpp:110:21:[m[K [01;36m[Knote: [m[Kcandidate: â€˜[01m[Kconstexpr rclcpp::QoS::QoS(rclcpp::QoS&&)[m[Kâ€™
[01m[K/opt/ros/humble/include/rclcpp/rclcpp/qos.hpp:110:21:[m[K [01;36m[Knote: [m[K  candidate expects 1 argument, 0 provided
[01m[K/home/ubuntu/HumbleDave/ros2ws/src/ros2_mpu9250_driver/src/mpu9250driver.cpp:[m[K In constructor â€˜[01m[KMPU9250Driver::MPU9250Driver()[m[Kâ€™:
[01m[K/home/ubuntu/HumbleDave/ros2ws/src/ros2_mpu9250_driver/src/mpu9250driver.cpp:41:10:[m[K [01;31m[Kerror: [m[Kno match for call to â€˜[01m[K(rclcpp::QoS) (rclcpp::QoSInitialization)[m[Kâ€™
   41 |      [01;31m[Kqos_(rclcpp::QoSInitialization::from_rmw(rmw_qos_profile_sensor_data))[m[K );
      |      [01;31m[K~~~~^~~~~~~~~~~~~~~~~~~~~~~~~~~~~~~~~~~~~~~~~~~~~~~~~~~~~~~~~~~~~~~~~~[m[K
gmake[2]: *** [CMakeFiles/mpu9250driver.dir/build.make:76: CMakeFiles/mpu9250driver.dir/src/mpu9250driver.cpp.o] Error 1
gmake[1]: *** [CMakeFiles/Makefile2:188: CMakeFiles/mpu9250driver.dir/all] Error 2
gmake: *** [Makefile:146: all] Error 2
